react refresh:37  * Tone.js v15.1.22 * 
react refresh:37 The AudioContext was not allowed to start. It must be resumed (or created) after a user gesture on the page. https://developer.chrome.com/blog/autoplay/#web_audio
testAudioScheduledSourceNodeStartMethodNegativeParametersSupport @ test-audio-scheduled-source-node-start-method-negative-parameters-support.ts:7
(anonymous) @ native-constant-source-node-factory.ts:27
(anonymous) @ cache-test-result.ts:18
(anonymous) @ native-constant-source-node-factory.ts:27
ConstantSourceNode @ constant-source-node-constructor.ts:45
createConstantSource @ base-audio-context-constructor.ts:92
createConstantSource @ Context.ts:201
ToneConstantSource @ ToneConstantSource.ts:32
Signal @ Signal.ts:75
TickSignal @ TickSignal.ts:44
TickSource @ TickSource.ts:89
Clock @ Clock.ts:90
TransportClass @ Transport.ts:199
(anonymous) @ Transport.ts:818
(anonymous) @ ContextInitialization.ts:23
initializeContext @ ContextInitialization.ts:23
initialize @ Context.ts:161
get transport @ Context.ts:306
./node_modules/tone/build/esm/index.js @ index.ts:39
options.factory @ react refresh:37
__webpack_require__ @ bootstrap:22
fn @ hot module replacement:61
hotRequire @ react refresh:20
./src/components/MidiPlayer.js @ GenerateButton.js:25
options.factory @ react refresh:37
__webpack_require__ @ bootstrap:22
fn @ hot module replacement:61
hotRequire @ react refresh:20
./src/App.js @ log.js:78
options.factory @ react refresh:37
__webpack_require__ @ bootstrap:22
fn @ hot module replacement:61
hotRequire @ react refresh:20
./src/index.js @ ViewportEditor.js:313
options.factory @ react refresh:37
__webpack_require__ @ bootstrap:22
(anonymous) @ startup:7
(anonymous) @ startup:7
react refresh:37 The AudioContext was not allowed to start. It must be resumed (or created) after a user gesture on the page. https://developer.chrome.com/blog/autoplay/#web_audio
start @ constant-source-node-constructor.ts:88
start @ ToneConstantSource.ts:81
Signal @ Signal.ts:83
TickSignal @ TickSignal.ts:44
TickSource @ TickSource.ts:89
Clock @ Clock.ts:90
TransportClass @ Transport.ts:199
(anonymous) @ Transport.ts:818
(anonymous) @ ContextInitialization.ts:23
initializeContext @ ContextInitialization.ts:23
initialize @ Context.ts:161
get transport @ Context.ts:306
./node_modules/tone/build/esm/index.js @ index.ts:39
options.factory @ react refresh:37
__webpack_require__ @ bootstrap:22
fn @ hot module replacement:61
hotRequire @ react refresh:20
./src/components/MidiPlayer.js @ GenerateButton.js:25
options.factory @ react refresh:37
__webpack_require__ @ bootstrap:22
fn @ hot module replacement:61
hotRequire @ react refresh:20
./src/App.js @ log.js:78
options.factory @ react refresh:37
__webpack_require__ @ bootstrap:22
fn @ hot module replacement:61
hotRequire @ react refresh:20
./src/index.js @ ViewportEditor.js:313
options.factory @ react refresh:37
__webpack_require__ @ bootstrap:22
(anonymous) @ startup:7
(anonymous) @ startup:7
Timeline.js:34 useMemo displayData - inputs: {midiData: 'null', hasTracks: 'no', editMode: false}
Timeline.js:41 useMemo returning null - invalid midiData
Timeline.js:34 useMemo displayData - inputs: {midiData: 'null', hasTracks: 'no', editMode: false}
Timeline.js:41 useMemo returning null - invalid midiData
Timeline.js:34 useMemo displayData - inputs: {midiData: 'null', hasTracks: 'no', editMode: false}
Timeline.js:41 useMemo returning null - invalid midiData
Timeline.js:414 Timeline rendering, editMode: false displayData: null
Timeline.js:414 Timeline rendering, editMode: false displayData: null
Timeline.js:414 Timeline rendering, editMode: false displayData: null
Timeline.js:414 Timeline rendering, editMode: false displayData: null
Timeline.js:414 Timeline rendering, editMode: false displayData: null
Timeline.js:414 Timeline rendering, editMode: false displayData: null
MidiRecorder.js:56 Connecting MIDI device: USB MIDI Device
MidiRecorder.js:56 Connecting MIDI device: Keystation 61 MK3 (USB MIDI)
MidiRecorder.js:56 Connecting MIDI device: Keystation 61 MK3 (Transport)
MidiRecorder.js:56 Connecting MIDI device: MIDI Mix
MidiRecorder.js:56 Connecting MIDI device: Maschine MK3 Virtual Input
MidiRecorder.js:56 Connecting MIDI device: Maschine Controller Virtual Input
MidiRecorder.js:56 Connecting MIDI device: Maschine MK2 Virtual Input
MidiRecorder.js:56 Connecting MIDI device: Maschine Mikro Input
MidiRecorder.js:56 Connecting MIDI device: Maschine Mikro MK2 Input
MidiRecorder.js:56 Connecting MIDI device: Maschine Studio Virtual Input
MidiRecorder.js:56 Connecting MIDI device: Traktor Kontrol Z1 Input
MidiRecorder.js:56 Connecting MIDI device: Traktor Kontrol Z2 Input
MidiRecorder.js:56 Connecting MIDI device: Traktor Kontrol S2 Input
MidiRecorder.js:56 Connecting MIDI device: Traktor Kontrol S2 MK2 Input
MidiRecorder.js:56 Connecting MIDI device: Traktor Kontrol S4 MK2 Input
MidiRecorder.js:56 Connecting MIDI device: Traktor Kontrol S5 Input
MidiRecorder.js:56 Connecting MIDI device: Traktor Kontrol S8 Input
App.js:145 MIDI Recorder initialized, devices: (17) [{…}, {…}, {…}, {…}, {…}, {…}, {…}, {…}, {…}, {…}, {…}, {…}, {…}, {…}, {…}, {…}, {…}]
MidiRecorder.js:28 MIDI device state changed: USB MIDI Device connected
MidiRecorder.js:56 Connecting MIDI device: USB MIDI Device
MidiRecorder.js:28 MIDI device state changed: Keystation 61 MK3 (USB MIDI) connected
MidiRecorder.js:56 Connecting MIDI device: Keystation 61 MK3 (USB MIDI)
MidiRecorder.js:28 MIDI device state changed: Keystation 61 MK3 (Transport) connected
MidiRecorder.js:56 Connecting MIDI device: Keystation 61 MK3 (Transport)
MidiRecorder.js:28 MIDI device state changed: MIDI Mix connected
MidiRecorder.js:56 Connecting MIDI device: MIDI Mix
MidiRecorder.js:28 MIDI device state changed: Maschine MK3 Virtual Input connected
MidiRecorder.js:56 Connecting MIDI device: Maschine MK3 Virtual Input
MidiRecorder.js:28 MIDI device state changed: Maschine Controller Virtual Input connected
MidiRecorder.js:56 Connecting MIDI device: Maschine Controller Virtual Input
MidiRecorder.js:28 MIDI device state changed: Maschine MK2 Virtual Input connected
MidiRecorder.js:56 Connecting MIDI device: Maschine MK2 Virtual Input
MidiRecorder.js:28 MIDI device state changed: Maschine Mikro Input connected
MidiRecorder.js:56 Connecting MIDI device: Maschine Mikro Input
MidiRecorder.js:28 MIDI device state changed: Maschine Mikro MK2 Input connected
MidiRecorder.js:56 Connecting MIDI device: Maschine Mikro MK2 Input
MidiRecorder.js:28 MIDI device state changed: Maschine Studio Virtual Input connected
MidiRecorder.js:56 Connecting MIDI device: Maschine Studio Virtual Input
MidiRecorder.js:28 MIDI device state changed: Traktor Kontrol Z1 Input connected
MidiRecorder.js:56 Connecting MIDI device: Traktor Kontrol Z1 Input
MidiRecorder.js:28 MIDI device state changed: Traktor Kontrol Z2 Input connected
MidiRecorder.js:56 Connecting MIDI device: Traktor Kontrol Z2 Input
MidiRecorder.js:28 MIDI device state changed: Traktor Kontrol S2 Input connected
MidiRecorder.js:56 Connecting MIDI device: Traktor Kontrol S2 Input
MidiRecorder.js:28 MIDI device state changed: Traktor Kontrol S2 MK2 Input connected
MidiRecorder.js:56 Connecting MIDI device: Traktor Kontrol S2 MK2 Input
MidiRecorder.js:28 MIDI device state changed: Traktor Kontrol S4 MK2 Input connected
MidiRecorder.js:56 Connecting MIDI device: Traktor Kontrol S4 MK2 Input
MidiRecorder.js:28 MIDI device state changed: Traktor Kontrol S5 Input connected
MidiRecorder.js:56 Connecting MIDI device: Traktor Kontrol S5 Input
MidiRecorder.js:28 MIDI device state changed: Traktor Kontrol S8 Input connected
MidiRecorder.js:56 Connecting MIDI device: Traktor Kontrol S8 Input
App.js:424 Loaded melody for layer 0: Midi {header: Header, tracks: Array(1)}
App.js:424 Loaded melody for layer 1: Midi {header: Header, tracks: Array(1)}
App.js:424 Loaded melody for layer 2: Midi {header: Header, tracks: Array(1)}
App.js:439 All layers loaded successfully
Timeline.js:34 useMemo displayData - inputs: {midiData: 'has data', hasTracks: 'yes', editMode: false}
Timeline.js:70 useMemo returning original midiData
Timeline.js:34 useMemo displayData - inputs: {midiData: 'has data', hasTracks: 'yes', editMode: false}
Timeline.js:70 useMemo returning original midiData
Timeline.js:34 useMemo displayData - inputs: {midiData: 'has data', hasTracks: 'yes', editMode: false}
Timeline.js:70 useMemo returning original midiData
Timeline.js:414 Timeline rendering, editMode: false displayData: Midi {header: Header, tracks: Array(1)}
Timeline.js:508 Rendering notes, displayData.tracks: 1
Timeline.js:510 Track 0 has 5 notes: (5) [Note, Note, Note, Note, Note]
Timeline.js:517 Coordinate calculation for note 0: {note.time: 0, PIXELS_PER_SECOND: 100, zoom: 300, scrollX: 0, calculation: '(0 * 100 * 300 / 100) - 0', …}
Timeline.js:525 Note 0: {time: 0, midi: 90, duration: 0.5, id: undefined, x: 0, …}
Timeline.js:561 Actually drew note at x:0, y:72.63157894736842, noteWidth:150, height:4.800000000000001
Timeline.js:562 Fill color: #4caf50, Stroke color: #2e7d32
Timeline.js:414 Timeline rendering, editMode: false displayData: Midi {header: Header, tracks: Array(1)}
Timeline.js:508 Rendering notes, displayData.tracks: 1
Timeline.js:510 Track 0 has 3 notes: (3) [Note, Note, Note]
Timeline.js:517 Coordinate calculation for note 0: {note.time: 0, PIXELS_PER_SECOND: 100, zoom: 300, scrollX: 0, calculation: '(0 * 100 * 300 / 100) - 0', …}
Timeline.js:525 Note 0: {time: 0, midi: 85, duration: 0.5, id: undefined, x: 0, …}
Timeline.js:561 Actually drew note at x:0, y:77.14285714285714, noteWidth:150, height:6.4
Timeline.js:562 Fill color: #4caf50, Stroke color: #2e7d32
Timeline.js:414 Timeline rendering, editMode: false displayData: Midi {header: Header, tracks: Array(1)}
Timeline.js:508 Rendering notes, displayData.tracks: 1
Timeline.js:510 Track 0 has 2 notes: (2) [Note, Note]
Timeline.js:517 Coordinate calculation for note 0: {note.time: 0, PIXELS_PER_SECOND: 100, zoom: 300, scrollX: 0, calculation: '(0 * 100 * 300 / 100) - 0', …}
Timeline.js:525 Note 0: {time: 0, midi: 90, duration: 0.5, id: undefined, x: 0, …}
Timeline.js:561 Actually drew note at x:0, y:120, noteWidth:150, height:10.666666666666668
Timeline.js:562 Fill color: #4caf50, Stroke color: #2e7d32
